<?xml version="1.0" encoding="UTF-8"?>
<!-- Generated by org.testng.reporters.JUnitXMLReporter -->
<testsuite ignored="0" hostname="BHARATHIRAJ-PC" failures="0" tests="4" name="AutomationPractice" time="131.778" errors="0" timestamp="2020-07-21T11:19:34 IST">
  <class name="com.automationpractice.qa.HomePageTest"  />
  <class name="com.automationpractice.qa.HomePageTest" />
  <class name="com.automationpractice.qa.LogInPageTest" />
  <class name="com.automationpractice.qa.RegistrationTest" />
</testsuite> <!-- AutomationPractice -->
