<?xml version="1.0" encoding="UTF-8"?>
<!-- Generated by org.testng.reporters.JUnitXMLReporter -->
<testsuite ignored="0" hostname="BHARATHIRAJ-PC" failures="0" tests="2" name="AutomationPractice" time="42.092" errors="0" timestamp="18 Jul 2020 03:47:23 GMT">
  <testcase classname="com.automationpractice.qa.HomePageTest" name="verifyHomePageTitle" time="0.014"/>
  <testcase classname="com.automationpractice.qa.HomePageTest" name="verifyLogin" time="1.621"/>
</testsuite> <!-- AutomationPractice -->
