<?xml version="1.0" encoding="UTF-8"?>
<testng-results ignored="0" total="2" passed="2" failed="0" skipped="0">
  <reporter-output>
  </reporter-output>
  <suite started-at="2020-07-18T03:46:41Z" name="Default Suite" finished-at="2020-07-18T03:47:23Z" duration-ms="42092">
    <groups>
    </groups>
    <test started-at="2020-07-18T03:46:41Z" name="AutomationPractice" finished-at="2020-07-18T03:47:23Z" duration-ms="42092">
      <class name="com.automationpractice.qa.HomePageTest">
        <test-method is-config="true" signature="setUp()[pri:0, instance:com.automationpractice.qa.HomePageTest@52525845]" started-at="2020-07-18T03:46:41Z" name="setUp" finished-at="2020-07-18T03:47:06Z" duration-ms="25059" status="PASS">
          <reporter-output>
          </reporter-output>
        </test-method> <!-- setUp -->
        <test-method signature="verifyHomePageTitle()[pri:0, instance:com.automationpractice.qa.HomePageTest@52525845]" started-at="2020-07-18T03:47:06Z" name="verifyHomePageTitle" finished-at="2020-07-18T03:47:06Z" duration-ms="14" status="PASS">
          <reporter-output>
          </reporter-output>
        </test-method> <!-- verifyHomePageTitle -->
        <test-method is-config="true" signature="tearDown()[pri:0, instance:com.automationpractice.qa.HomePageTest@52525845]" started-at="2020-07-18T03:47:06Z" name="tearDown" finished-at="2020-07-18T03:47:07Z" duration-ms="1284" status="PASS">
          <reporter-output>
          </reporter-output>
        </test-method> <!-- tearDown -->
        <test-method is-config="true" signature="setUp()[pri:0, instance:com.automationpractice.qa.HomePageTest@52525845]" started-at="2020-07-18T03:47:07Z" name="setUp" finished-at="2020-07-18T03:47:20Z" duration-ms="12783" status="PASS">
          <reporter-output>
          </reporter-output>
        </test-method> <!-- setUp -->
        <test-method signature="verifyLogin()[pri:0, instance:com.automationpractice.qa.HomePageTest@52525845]" started-at="2020-07-18T03:47:20Z" name="verifyLogin" finished-at="2020-07-18T03:47:22Z" duration-ms="1621" status="PASS">
          <reporter-output>
          </reporter-output>
        </test-method> <!-- verifyLogin -->
        <test-method is-config="true" signature="tearDown()[pri:0, instance:com.automationpractice.qa.HomePageTest@52525845]" started-at="2020-07-18T03:47:22Z" name="tearDown" finished-at="2020-07-18T03:47:23Z" duration-ms="1294" status="PASS">
          <reporter-output>
          </reporter-output>
        </test-method> <!-- tearDown -->
      </class> <!-- com.automationpractice.qa.HomePageTest -->
    </test> <!-- AutomationPractice -->
  </suite> <!-- Default Suite -->
</testng-results>
