<?xml version="1.0" encoding="UTF-8"?>
<testng-results ignored="0" total="4" passed="4" failed="0" skipped="0">
  <reporter-output>
  </reporter-output>
  <suite started-at="2020-07-21T11:17:22 IST" name="Default Suite" finished-at="2020-07-21T11:19:34 IST" duration-ms="131778">
    <groups>
    </groups>
    <test started-at="2020-07-21T11:17:22 IST" name="AutomationPractice" finished-at="2020-07-21T11:19:34 IST" duration-ms="131778">
      <class name="com.automationpractice.qa.HomePageTest">
        <test-method is-config="true" signature="setUp()[pri:0, instance:com.automationpractice.qa.HomePageTest@77a57272]" started-at="2020-07-21T11:17:22 IST" name="setUp" finished-at="2020-07-21T11:17:44 IST" duration-ms="22103" status="PASS">
          <reporter-output>
          </reporter-output>
        </test-method> <!-- setUp -->
        <test-method signature="verifyHomePageTitle()[pri:0, instance:com.automationpractice.qa.HomePageTest@77a57272]" started-at="2020-07-21T11:17:44 IST" name="verifyHomePageTitle" finished-at="2020-07-21T11:17:44 IST" duration-ms="41" status="PASS">
          <reporter-output>
          </reporter-output>
        </test-method> <!-- verifyHomePageTitle -->
        <test-method is-config="true" signature="tearDown()[pri:0, instance:com.automationpractice.qa.HomePageTest@77a57272]" started-at="2020-07-21T11:17:44 IST" name="tearDown" finished-at="2020-07-21T11:17:45 IST" duration-ms="1110" status="PASS">
          <reporter-output>
          </reporter-output>
        </test-method> <!-- tearDown -->
        <test-method is-config="true" signature="setUp()[pri:0, instance:com.automationpractice.qa.HomePageTest@77a57272]" started-at="2020-07-21T11:17:45 IST" name="setUp" finished-at="2020-07-21T11:18:01 IST" duration-ms="15729" status="PASS">
          <reporter-output>
          </reporter-output>
        </test-method> <!-- setUp -->
        <test-method signature="verifyLogin()[pri:0, instance:com.automationpractice.qa.HomePageTest@77a57272]" started-at="2020-07-21T11:18:01 IST" name="verifyLogin" finished-at="2020-07-21T11:18:03 IST" duration-ms="2205" status="PASS">
          <reporter-output>
          </reporter-output>
        </test-method> <!-- verifyLogin -->
        <test-method is-config="true" signature="tearDown()[pri:0, instance:com.automationpractice.qa.HomePageTest@77a57272]" started-at="2020-07-21T11:18:03 IST" name="tearDown" finished-at="2020-07-21T11:18:04 IST" duration-ms="881" status="PASS">
          <reporter-output>
          </reporter-output>
        </test-method> <!-- tearDown -->
      </class> <!-- com.automationpractice.qa.HomePageTest -->
      <class name="com.automationpractice.qa.RegistrationTest">
        <test-method is-config="true" signature="setUp()[pri:0, instance:com.automationpractice.qa.RegistrationTest@46238e3f]" started-at="2020-07-21T11:18:37 IST" name="setUp" finished-at="2020-07-21T11:18:53 IST" duration-ms="16112" status="PASS">
          <reporter-output>
          </reporter-output>
        </test-method> <!-- setUp -->
        <test-method signature="CreateAnAccount()[pri:0, instance:com.automationpractice.qa.RegistrationTest@46238e3f]" started-at="2020-07-21T11:18:53 IST" name="CreateAnAccount" finished-at="2020-07-21T11:19:32 IST" duration-ms="39793" status="PASS">
          <reporter-output>
          </reporter-output>
        </test-method> <!-- CreateAnAccount -->
        <test-method is-config="true" signature="tearDown()[pri:0, instance:com.automationpractice.qa.RegistrationTest@46238e3f]" started-at="2020-07-21T11:19:32 IST" name="tearDown" finished-at="2020-07-21T11:19:34 IST" duration-ms="1062" status="PASS">
          <reporter-output>
          </reporter-output>
        </test-method> <!-- tearDown -->
      </class> <!-- com.automationpractice.qa.RegistrationTest -->
      <class name="com.automationpractice.qa.LogInPageTest">
        <test-method is-config="true" signature="setUp()[pri:0, instance:com.automationpractice.qa.LogInPageTest@7181ae3f]" started-at="2020-07-21T11:18:05 IST" name="setUp" finished-at="2020-07-21T11:18:30 IST" duration-ms="24703" status="PASS">
          <reporter-output>
          </reporter-output>
        </test-method> <!-- setUp -->
        <test-method signature="verifyLoginTest(java.lang.String, java.lang.String)[pri:0, instance:com.automationpractice.qa.LogInPageTest@7181ae3f]" started-at="2020-07-21T11:18:30 IST" name="verifyLoginTest" data-provider="LoginData" finished-at="2020-07-21T11:18:35 IST" duration-ms="5449" status="PASS">
          <params>
            <param index="0">
              <value>
                <![CDATA[testautomation-practice@gmail.com]]>
              </value>
            </param>
            <param index="1">
              <value>
                <![CDATA[123456]]>
              </value>
            </param>
          </params>
          <reporter-output>
          </reporter-output>
        </test-method> <!-- verifyLoginTest -->
        <test-method is-config="true" signature="tearDown()[pri:0, instance:com.automationpractice.qa.LogInPageTest@7181ae3f]" started-at="2020-07-21T11:18:35 IST" name="tearDown" finished-at="2020-07-21T11:18:37 IST" duration-ms="1070" status="PASS">
          <reporter-output>
          </reporter-output>
        </test-method> <!-- tearDown -->
      </class> <!-- com.automationpractice.qa.LogInPageTest -->
    </test> <!-- AutomationPractice -->
  </suite> <!-- Default Suite -->
</testng-results>
